2026-03-12 03:46:05,302 p=10584 u=boborg n=ansible INFO| {
    "_meta": {
        "hostvars": {
            "lf-app1": {
                "ansible_host": "192.168.13.105",
                "ansible_user": "root"
            }
        },
        "profile": "inventory_legacy"
    },
    "all": {
        "children": [
            "ungrouped",
            "web"
        ]
    },
    "web": {
        "hosts": [
            "lf-app1"
        ]
    }
}
2026-03-12 03:46:24,356 p=10649 u=boborg n=ansible INFO| {
    "_meta": {
        "hostvars": {
            "lf-app1": {
                "ansible_host": "192.168.13.104",
                "ansible_user": "root"
            }
        },
        "profile": "inventory_legacy"
    },
    "all": {
        "children": [
            "ungrouped",
            "web"
        ]
    },
    "web": {
        "hosts": [
            "lf-app1"
        ]
    }
}
2026-03-12 03:47:12,799 p=10790 u=boborg n=ansible INFO| @all:
  |--@ungrouped:
  |--@web:
  |  |--lf-app1
2026-03-23 14:40:04,684 p=1282 u=boborg n=ansible ERROR| [ERROR]: Task failed: Cannot resolve 'рing' to an action or module.

Task failed.
Origin: <adhoc 'рing' task>

{'action': 'рing', 'args': {}, 'timeout': 0, 'async_val': 0, 'poll': 15}

<<< caused by >>>

Cannot resolve 'рing' to an action or module.
Origin: <CLI option '-m'>

рing


2026-03-23 14:40:04,685 p=1282 u=boborg n=ansible INFO| lf-app1 | FAILED! => {
    "changed": false,
    "msg": "Task failed: Cannot resolve 'рing' to an action or module."
}
2026-03-23 14:42:26,129 p=1291 u=boborg n=ansible ERROR| [ERROR]: Task failed: Cannot resolve 'рing' to an action or module.

Task failed.
Origin: <adhoc 'рing' task>

{'action': 'рing', 'args': {}, 'timeout': 0, 'async_val': 0, 'poll': 15}

<<< caused by >>>

Cannot resolve 'рing' to an action or module.
Origin: <CLI option '-m'>

рing


2026-03-23 14:42:26,130 p=1291 u=boborg n=ansible INFO| lf-app1 | FAILED! => {
    "changed": false,
    "msg": "Task failed: Cannot resolve 'рing' to an action or module."
}
2026-03-23 14:42:54,449 p=1296 u=boborg n=ansible WARNING| [WARNING]: Host 'lf-app1' is using the discovered Python interpreter at '/usr/bin/python3.12', but future installation of another Python interpreter could cause a different interpreter to be discovered. See https://docs.ansible.com/ansible-core/2.20/reference_appendices/interpreter_discovery.html for more information.

2026-03-23 14:42:54,450 p=1296 u=boborg n=ansible INFO| lf-app1 | SUCCESS => {
    "ansible_facts": {
        "discovered_interpreter_python": "/usr/bin/python3.12"
    },
    "changed": false,
    "ping": "pong"
}
2026-03-23 14:56:06,271 p=3496 u=boborg n=ansible INFO| lf-app1 | SUCCESS => {
    "changed": false,
    "ping": "pong"
}
2026-03-23 14:57:25,981 p=3757 u=boborg n=ansible INFO| lf-app1 | SUCCESS => {
    "ansible_facts": {
        "ansible_all_ipv4_addresses": [
            "192.168.13.104"
        ],
        "ansible_all_ipv6_addresses": [
            "fe80::be24:11ff:fe1e:8a43"
        ],
        "ansible_apparmor": {
            "status": "enabled"
        },
        "ansible_architecture": "x86_64",
        "ansible_bios_date": "04/01/2014",
        "ansible_bios_vendor": "SeaBIOS",
        "ansible_bios_version": "rel-1.17.0-0-gb52ca86e094d-prebuilt.qemu.org",
        "ansible_board_asset_tag": "NA",
        "ansible_board_name": "NA",
        "ansible_board_serial": "NA",
        "ansible_board_vendor": "NA",
        "ansible_board_version": "NA",
        "ansible_chassis_asset_tag": "NA",
        "ansible_chassis_serial": "NA",
        "ansible_chassis_vendor": "QEMU",
        "ansible_chassis_version": "pc-i440fx-10.1",
        "ansible_cmdline": {
            "BOOT_IMAGE": "/vmlinuz-6.8.0-101-generic",
            "ro": true,
            "root": "/dev/mapper/ubuntu--vg-ubuntu--lv"
        },
        "ansible_date_time": {
            "date": "2026-03-23",
            "day": "23",
            "epoch": "1774267046",
            "epoch_int": "1774267046",
            "hour": "11",
            "iso8601": "2026-03-23T11:57:26Z",
            "iso8601_basic": "20260323T115726350673",
            "iso8601_basic_short": "20260323T115726",
            "iso8601_micro": "2026-03-23T11:57:26.350673Z",
            "minute": "57",
            "month": "03",
            "second": "26",
            "time": "11:57:26",
            "tz": "UTC",
            "tz_dst": "UTC",
            "tz_offset": "+0000",
            "weekday": "Monday",
            "weekday_number": "1",
            "weeknumber": "12",
            "year": "2026"
        },
        "ansible_default_ipv4": {
            "address": "192.168.13.104",
            "alias": "ens18",
            "broadcast": "",
            "gateway": "192.168.13.1",
            "interface": "ens18",
            "macaddress": "bc:24:11:1e:8a:43",
            "mtu": 1500,
            "netmask": "255.255.255.0",
            "network": "192.168.13.0",
            "prefix": "24",
            "type": "ether"
        },
        "ansible_default_ipv6": {},
        "ansible_device_links": {
            "ids": {
                "dm-0": [
                    "dm-name-ubuntu--vg-ubuntu--lv",
                    "dm-uuid-LVM-a9s40nWlyLWYW6qe1O5W7fauL7726fXyz3zzH3scxjyK2lwA7fwoodpcPOjUijTd"
                ],
                "sda": [
                    "scsi-0QEMU_QEMU_HARDDISK_drive-scsi0"
                ],
                "sda1": [
                    "scsi-0QEMU_QEMU_HARDDISK_drive-scsi0-part1"
                ],
                "sda2": [
                    "scsi-0QEMU_QEMU_HARDDISK_drive-scsi0-part2"
                ],
                "sda3": [
                    "lvm-pv-uuid-MK3MZd-3C6s-ChnP-FYSF-s3Rr-2XrD-6fV2yp",
                    "scsi-0QEMU_QEMU_HARDDISK_drive-scsi0-part3"
                ]
            },
            "labels": {},
            "masters": {
                "sda3": [
                    "dm-0"
                ]
            },
            "uuids": {
                "dm-0": [
                    "b3d7e328-1eee-4450-bbfd-58c1a8382f4e"
                ],
                "sda2": [
                    "8981c9c5-5476-4b2a-b3ec-e7a0d095dd25"
                ]
            }
        },
        "ansible_devices": {
            "dm-0": {
                "holders": [],
                "host": "",
                "links": {
                    "ids": [
                        "dm-name-ubuntu--vg-ubuntu--lv",
                        "dm-uuid-LVM-a9s40nWlyLWYW6qe1O5W7fauL7726fXyz3zzH3scxjyK2lwA7fwoodpcPOjUijTd"
                    ],
                    "labels": [],
                    "masters": [],
                    "uuids": [
                        "b3d7e328-1eee-4450-bbfd-58c1a8382f4e"
                    ]
                },
                "model": null,
                "partitions": {},
                "removable": "0",
                "rotational": "1",
                "sas_address": null,
                "sas_device_handle": null,
                "scheduler_mode": "",
                "sectors": 20971520,
                "sectorsize": "512",
                "size": "10.00 GB",
                "support_discard": "4096",
                "vendor": null,
                "virtual": 1
            },
            "loop0": {
                "holders": [],
                "host": "",
                "links": {
                    "ids": [],
                    "labels": [],
                    "masters": [],
                    "uuids": []
                },
                "model": null,
                "partitions": {},
                "removable": "0",
                "rotational": "1",
                "sas_address": null,
                "sas_device_handle": null,
                "scheduler_mode": "none",
                "sectors": 0,
                "sectorsize": "512",
                "size": "0.00 Bytes",
                "support_discard": "4096",
                "vendor": null,
                "virtual": 1
            },
            "loop1": {
                "holders": [],
                "host": "",
                "links": {
                    "ids": [],
                    "labels": [],
                    "masters": [],
                    "uuids": []
                },
                "model": null,
                "partitions": {},
                "removable": "0",
                "rotational": "1",
                "sas_address": null,
                "sas_device_handle": null,
                "scheduler_mode": "none",
                "sectors": 0,
                "sectorsize": "512",
                "size": "0.00 Bytes",
                "support_discard": "0",
                "vendor": null,
                "virtual": 1
            },
            "loop2": {
                "holders": [],
                "host": "",
                "links": {
                    "ids": [],
                    "labels": [],
                    "masters": [],
                    "uuids": []
                },
                "model": null,
                "partitions": {},
                "removable": "0",
                "rotational": "1",
                "sas_address": null,
                "sas_device_handle": null,
                "scheduler_mode": "none",
                "sectors": 0,
                "sectorsize": "512",
                "size": "0.00 Bytes",
                "support_discard": "0",
                "vendor": null,
                "virtual": 1
            },
            "loop3": {
                "holders": [],
                "host": "",
                "links": {
                    "ids": [],
                    "labels": [],
                    "masters": [],
                    "uuids": []
                },
                "model": null,
                "partitions": {},
                "removable": "0",
                "rotational": "1",
                "sas_address": null,
                "sas_device_handle": null,
                "scheduler_mode": "none",
                "sectors": 0,
                "sectorsize": "512",
                "size": "0.00 Bytes",
                "support_discard": "0",
                "vendor": null,
                "virtual": 1
            },
            "loop4": {
                "holders": [],
                "host": "",
                "links": {
                    "ids": [],
                    "labels": [],
                    "masters": [],
                    "uuids": []
                },
                "model": null,
                "partitions": {},
                "removable": "0",
                "rotational": "1",
                "sas_address": null,
                "sas_device_handle": null,
                "scheduler_mode": "none",
                "sectors": 0,
                "sectorsize": "512",
                "size": "0.00 Bytes",
                "support_discard": "0",
                "vendor": null,
                "virtual": 1
            },
            "loop5": {
                "holders": [],
                "host": "",
                "links": {
                    "ids": [],
                    "labels": [],
                    "masters": [],
                    "uuids": []
                },
                "model": null,
                "partitions": {},
                "removable": "0",
                "rotational": "1",
                "sas_address": null,
                "sas_device_handle": null,
                "scheduler_mode": "none",
                "sectors": 0,
                "sectorsize": "512",
                "size": "0.00 Bytes",
                "support_discard": "0",
                "vendor": null,
                "virtual": 1
            },
            "loop6": {
                "holders": [],
                "host": "",
                "links": {
                    "ids": [],
                    "labels": [],
                    "masters": [],
                    "uuids": []
                },
                "model": null,
                "partitions": {},
                "removable": "0",
                "rotational": "1",
                "sas_address": null,
                "sas_device_handle": null,
                "scheduler_mode": "none",
                "sectors": 0,
                "sectorsize": "512",
                "size": "0.00 Bytes",
                "support_discard": "0",
                "vendor": null,
                "virtual": 1
            },
            "loop7": {
                "holders": [],
                "host": "",
                "links": {
                    "ids": [],
                    "labels": [],
                    "masters": [],
                    "uuids": []
                },
                "model": null,
                "partitions": {},
                "removable": "0",
                "rotational": "1",
                "sas_address": null,
                "sas_device_handle": null,
                "scheduler_mode": "none",
                "sectors": 0,
                "sectorsize": "512",
                "size": "0.00 Bytes",
                "support_discard": "0",
                "vendor": null,
                "virtual": 1
            },
            "sda": {
                "holders": [],
                "host": "SCSI storage controller: Red Hat, Inc. Virtio SCSI",
                "links": {
                    "ids": [
                        "scsi-0QEMU_QEMU_HARDDISK_drive-scsi0"
                    ],
                    "labels": [],
                    "masters": [],
                    "uuids": []
                },
                "model": "QEMU HARDDISK",
                "partitions": {
                    "sda1": {
                        "holders": [],
                        "links": {
                            "ids": [
                                "scsi-0QEMU_QEMU_HARDDISK_drive-scsi0-part1"
                            ],
                            "labels": [],
                            "masters": [],
                            "uuids": []
                        },
                        "sectors": 2048,
                        "sectorsize": 512,
                        "size": "1.00 MB",
                        "start": "2048",
                        "uuid": null
                    },
                    "sda2": {
                        "holders": [],
                        "links": {
                            "ids": [
                                "scsi-0QEMU_QEMU_HARDDISK_drive-scsi0-part2"
                            ],
                            "labels": [],
                            "masters": [],
                            "uuids": [
                                "8981c9c5-5476-4b2a-b3ec-e7a0d095dd25"
                            ]
                        },
                        "sectors": 3670016,
                        "sectorsize": 512,
                        "size": "1.75 GB",
                        "start": "4096",
                        "uuid": "8981c9c5-5476-4b2a-b3ec-e7a0d095dd25"
                    },
                    "sda3": {
                        "holders": [
                            "ubuntu--vg-ubuntu--lv"
                        ],
                        "links": {
                            "ids": [
                                "lvm-pv-uuid-MK3MZd-3C6s-ChnP-FYSF-s3Rr-2XrD-6fV2yp",
                                "scsi-0QEMU_QEMU_HARDDISK_drive-scsi0-part3"
                            ],
                            "labels": [],
                            "masters": [
                                "dm-0"
                            ],
                            "uuids": []
                        },
                        "sectors": 27781120,
                        "sectorsize": 512,
                        "size": "13.25 GB",
                        "start": "3674112",
                        "uuid": null
                    }
                },
                "removable": "0",
                "rotational": "1",
                "sas_address": null,
                "sas_device_handle": null,
                "scheduler_mode": "mq-deadline",
                "sectors": 31457280,
                "sectorsize": "512",
                "size": "15.00 GB",
                "support_discard": "4096",
                "vendor": "QEMU",
                "virtual": 1
            }
        },
        "ansible_distribution": "Ubuntu",
        "ansible_distribution_file_parsed": true,
        "ansible_distribution_file_path": "/etc/os-release",
        "ansible_distribution_file_variety": "Debian",
        "ansible_distribution_major_version": "24",
        "ansible_distribution_release": "noble",
        "ansible_distribution_version": "24.04",
        "ansible_dns": {
            "nameservers": [
                "127.0.0.53"
            ],
            "options": {
                "edns0": true,
                "trust-ad": true
            },
            "search": [
                "lan"
            ]
        },
        "ansible_domain": "",
        "ansible_effective_group_id": 0,
        "ansible_effective_user_id": 0,
        "ansible_ens18": {
            "active": true,
            "device": "ens18",
            "features": {
                "esp_hw_offload": "off [fixed]",
                "esp_tx_csum_hw_offload": "off [fixed]",
                "fcoe_mtu": "off [fixed]",
                "generic_receive_offload": "on",
                "generic_segmentation_offload": "on",
                "highdma": "on [fixed]",
                "hsr_dup_offload": "off [fixed]",
                "hsr_fwd_offload": "off [fixed]",
                "hsr_tag_ins_offload": "off [fixed]",
                "hsr_tag_rm_offload": "off [fixed]",
                "hw_tc_offload": "off [fixed]",
                "l2_fwd_offload": "off [fixed]",
                "large_receive_offload": "off [fixed]",
                "loopback": "off [fixed]",
                "macsec_hw_offload": "off [fixed]",
                "netns_local": "off [fixed]",
                "ntuple_filters": "off [fixed]",
                "receive_hashing": "off [fixed]",
                "rx_all": "off [fixed]",
                "rx_checksumming": "on [fixed]",
                "rx_fcs": "off [fixed]",
                "rx_gro_hw": "on",
                "rx_gro_list": "off",
                "rx_udp_gro_forwarding": "off",
                "rx_udp_tunnel_port_offload": "off [fixed]",
                "rx_vlan_filter": "on [fixed]",
                "rx_vlan_offload": "off [fixed]",
                "rx_vlan_stag_filter": "off [fixed]",
                "rx_vlan_stag_hw_parse": "off [fixed]",
                "scatter_gather": "on",
                "tcp_segmentation_offload": "on",
                "tls_hw_record": "off [fixed]",
                "tls_hw_rx_offload": "off [fixed]",
                "tls_hw_tx_offload": "off [fixed]",
                "tx_checksum_fcoe_crc": "off [fixed]",
                "tx_checksum_ip_generic": "on",
                "tx_checksum_ipv4": "off [fixed]",
                "tx_checksum_ipv6": "off [fixed]",
                "tx_checksum_sctp": "off [fixed]",
                "tx_checksumming": "on",
                "tx_esp_segmentation": "off [fixed]",
                "tx_fcoe_segmentation": "off [fixed]",
                "tx_gre_csum_segmentation": "off [fixed]",
                "tx_gre_segmentation": "off [fixed]",
                "tx_gso_list": "off [fixed]",
                "tx_gso_partial": "off [fixed]",
                "tx_gso_robust": "on [fixed]",
                "tx_ipxip4_segmentation": "off [fixed]",
                "tx_ipxip6_segmentation": "off [fixed]",
                "tx_lockless": "off [fixed]",
                "tx_nocache_copy": "off",
                "tx_scatter_gather": "on",
                "tx_scatter_gather_fraglist": "off [fixed]",
                "tx_sctp_segmentation": "off [fixed]",
                "tx_tcp6_segmentation": "on",
                "tx_tcp_ecn_segmentation": "on",
                "tx_tcp_mangleid_segmentation": "off",
                "tx_tcp_segmentation": "on",
                "tx_tunnel_remcsum_segmentation": "off [fixed]",
                "tx_udp_segmentation": "off",
                "tx_udp_tnl_csum_segmentation": "off [fixed]",
                "tx_udp_tnl_segmentation": "off [fixed]",
                "tx_vlan_offload": "off [fixed]",
                "tx_vlan_stag_hw_insert": "off [fixed]",
                "vlan_challenged": "off [fixed]"
            },
            "hw_timestamp_filters": [],
            "ipv4": {
                "address": "192.168.13.104",
                "broadcast": "",
                "netmask": "255.255.255.0",
                "network": "192.168.13.0",
                "prefix": "24"
            },
            "ipv6": [
                {
                    "address": "fe80::be24:11ff:fe1e:8a43",
                    "prefix": "64",
                    "scope": "link"
                }
            ],
            "macaddress": "bc:24:11:1e:8a:43",
            "mtu": 1500,
            "pciid": "virtio1",
            "promisc": false,
            "speed": -1,
            "timestamping": [],
            "type": "ether"
        },
        "ansible_env": {
            "DBUS_SESSION_BUS_ADDRESS": "unix:path=/run/user/0/bus",
            "HOME": "/root",
            "LANG": "en_US.UTF-8",
            "LOGNAME": "root",
            "PATH": "/usr/local/sbin:/usr/local/bin:/usr/sbin:/usr/bin:/sbin:/bin:/usr/games:/usr/local/games:/snap/bin",
            "PWD": "/root",
            "SHELL": "/bin/bash",
            "SHLVL": "0",
            "SSH_CLIENT": "192.168.13.177 62968 22",
            "SSH_CONNECTION": "192.168.13.177 62968 192.168.13.104 22",
            "USER": "root",
            "XDG_RUNTIME_DIR": "/run/user/0",
            "XDG_SESSION_CLASS": "user",
            "XDG_SESSION_ID": "10",
            "XDG_SESSION_TYPE": "tty",
            "_": "/bin/sh"
        },
        "ansible_fibre_channel_wwn": [],
        "ansible_fips": false,
        "ansible_flags": [
            "fpu",
            "de",
            "pse",
            "tsc",
            "msr",
            "pae",
            "mce",
            "cx8",
            "apic",
            "sep",
            "mtrr",
            "pge",
            "mca",
            "cmov",
            "pat",
            "pse36",
            "clflush",
            "mmx",
            "fxsr",
            "sse",
            "sse2",
            "syscall",
            "nx",
            "lm",
            "rep_good",
            "nopl",
            "cpuid",
            "extd_apicid",
            "tsc_known_freq",
            "pni",
            "ssse3",
            "cx16",
            "sse4_1",
            "sse4_2",
            "x2apic",
            "popcnt",
            "aes",
            "hypervisor",
            "lahf_lm",
            "3dnowprefetch",
            "vmmcall"
        ],
        "ansible_form_factor": "Other",
        "ansible_fqdn": "lf-prod",
        "ansible_hostname": "lf-prod",
        "ansible_hostnqn": "",
        "ansible_interfaces": [
            "lo",
            "ens18"
        ],
        "ansible_is_chroot": false,
        "ansible_iscsi_iqn": "iqn.2004-10.com.ubuntu:01:8ca920cc4166",
        "ansible_kernel": "6.8.0-101-generic",
        "ansible_kernel_version": "#101-Ubuntu SMP PREEMPT_DYNAMIC Mon Feb  9 10:15:05 UTC 2026",
        "ansible_lo": {
            "active": true,
            "device": "lo",
            "features": {
                "esp_hw_offload": "off [fixed]",
                "esp_tx_csum_hw_offload": "off [fixed]",
                "fcoe_mtu": "off [fixed]",
                "generic_receive_offload": "on",
                "generic_segmentation_offload": "on",
                "highdma": "on [fixed]",
                "hsr_dup_offload": "off [fixed]",
                "hsr_fwd_offload": "off [fixed]",
                "hsr_tag_ins_offload": "off [fixed]",
                "hsr_tag_rm_offload": "off [fixed]",
                "hw_tc_offload": "off [fixed]",
                "l2_fwd_offload": "off [fixed]",
                "large_receive_offload": "off [fixed]",
                "loopback": "on [fixed]",
                "macsec_hw_offload": "off [fixed]",
                "netns_local": "on [fixed]",
                "ntuple_filters": "off [fixed]",
                "receive_hashing": "off [fixed]",
                "rx_all": "off [fixed]",
                "rx_checksumming": "on [fixed]",
                "rx_fcs": "off [fixed]",
                "rx_gro_hw": "off [fixed]",
                "rx_gro_list": "off",
                "rx_udp_gro_forwarding": "off",
                "rx_udp_tunnel_port_offload": "off [fixed]",
                "rx_vlan_filter": "off [fixed]",
                "rx_vlan_offload": "off [fixed]",
                "rx_vlan_stag_filter": "off [fixed]",
                "rx_vlan_stag_hw_parse": "off [fixed]",
                "scatter_gather": "on",
                "tcp_segmentation_offload": "on",
                "tls_hw_record": "off [fixed]",
                "tls_hw_rx_offload": "off [fixed]",
                "tls_hw_tx_offload": "off [fixed]",
                "tx_checksum_fcoe_crc": "off [fixed]",
                "tx_checksum_ip_generic": "on [fixed]",
                "tx_checksum_ipv4": "off [fixed]",
                "tx_checksum_ipv6": "off [fixed]",
                "tx_checksum_sctp": "on [fixed]",
                "tx_checksumming": "on",
                "tx_esp_segmentation": "off [fixed]",
                "tx_fcoe_segmentation": "off [fixed]",
                "tx_gre_csum_segmentation": "off [fixed]",
                "tx_gre_segmentation": "off [fixed]",
                "tx_gso_list": "on",
                "tx_gso_partial": "off [fixed]",
                "tx_gso_robust": "off [fixed]",
                "tx_ipxip4_segmentation": "off [fixed]",
                "tx_ipxip6_segmentation": "off [fixed]",
                "tx_lockless": "on [fixed]",
                "tx_nocache_copy": "off [fixed]",
                "tx_scatter_gather": "on [fixed]",
                "tx_scatter_gather_fraglist": "on [fixed]",
                "tx_sctp_segmentation": "on",
                "tx_tcp6_segmentation": "on",
                "tx_tcp_ecn_segmentation": "on",
                "tx_tcp_mangleid_segmentation": "on",
                "tx_tcp_segmentation": "on",
                "tx_tunnel_remcsum_segmentation": "off [fixed]",
                "tx_udp_segmentation": "on",
                "tx_udp_tnl_csum_segmentation": "off [fixed]",
                "tx_udp_tnl_segmentation": "off [fixed]",
                "tx_vlan_offload": "off [fixed]",
                "tx_vlan_stag_hw_insert": "off [fixed]",
                "vlan_challenged": "on [fixed]"
            },
            "hw_timestamp_filters": [],
            "ipv4": {
                "address": "127.0.0.1",
                "broadcast": "",
                "netmask": "255.0.0.0",
                "network": "127.0.0.0",
                "prefix": "8"
            },
            "ipv6": [
                {
                    "address": "::1",
                    "prefix": "128",
                    "scope": "host"
                }
            ],
            "mtu": 65536,
            "promisc": false,
            "timestamping": [],
            "type": "loopback"
        },
        "ansible_loadavg": {
            "15m": 0.0,
            "1m": 0.0,
            "5m": 0.0
        },
        "ansible_local": {},
        "ansible_locally_reachable_ips": {
            "ipv4": [
                "127.0.0.0/8",
                "127.0.0.1",
                "192.168.13.104"
            ],
            "ipv6": [
                "::1",
                "fe80::be24:11ff:fe1e:8a43"
            ]
        },
        "ansible_lsb": {
            "codename": "noble",
            "description": "Ubuntu 24.04.4 LTS",
            "id": "Ubuntu",
            "major_release": "24",
            "release": "24.04"
        },
        "ansible_lvm": {
            "lvs": {
                "ubuntu-lv": {
                    "size_g": "10.00",
                    "vg": "ubuntu-vg"
                }
            },
            "pvs": {
                "/dev/sda3": {
                    "free_g": "3.25",
                    "size_g": "13.25",
                    "vg": "ubuntu-vg"
                }
            },
            "vgs": {
                "ubuntu-vg": {
                    "free_g": "3.25",
                    "lvs": {
                        "ubuntu-lv": {
                            "size_g": "10.00"
                        }
                    },
                    "num_lvs": "1",
                    "num_pvs": "1",
                    "size_g": "13.25"
                }
            }
        },
        "ansible_machine": "x86_64",
        "ansible_machine_id": "ff48416056ad486fa480c1649729b359",
        "ansible_memfree_mb": 1513,
        "ansible_memory_mb": {
            "nocache": {
                "free": 1776,
                "used": 191
            },
            "real": {
                "free": 1513,
                "total": 1967,
                "used": 454
            },
            "swap": {
                "cached": 0,
                "free": 1899,
                "total": 1899,
                "used": 0
            }
        },
        "ansible_memtotal_mb": 1967,
        "ansible_mounts": [
            {
                "block_available": 1243695,
                "block_size": 4096,
                "block_total": 2554693,
                "block_used": 1310998,
                "device": "/dev/mapper/ubuntu--vg-ubuntu--lv",
                "dump": 0,
                "fstype": "ext4",
                "inode_available": 555100,
                "inode_total": 655360,
                "inode_used": 100260,
                "mount": "/",
                "options": "rw,relatime",
                "passno": 0,
                "size_available": 5094174720,
                "size_total": 10464022528,
                "uuid": "b3d7e328-1eee-4450-bbfd-58c1a8382f4e"
            },
            {
                "block_available": 388552,
                "block_size": 4096,
                "block_total": 442014,
                "block_used": 53462,
                "device": "/dev/sda2",
                "dump": 0,
                "fstype": "ext4",
                "inode_available": 114371,
                "inode_total": 114688,
                "inode_used": 317,
                "mount": "/boot",
                "options": "rw,relatime",
                "passno": 0,
                "size_available": 1591508992,
                "size_total": 1810489344,
                "uuid": "8981c9c5-5476-4b2a-b3ec-e7a0d095dd25"
            }
        ],
        "ansible_nodename": "lf-prod",
        "ansible_os_family": "Debian",
        "ansible_pkg_mgr": "apt",
        "ansible_proc_cmdline": {
            "BOOT_IMAGE": "/vmlinuz-6.8.0-101-generic",
            "ro": true,
            "root": "/dev/mapper/ubuntu--vg-ubuntu--lv"
        },
        "ansible_processor": [
            "0",
            "AuthenticAMD",
            "QEMU Virtual CPU version 2.5+"
        ],
        "ansible_processor_cores": 1,
        "ansible_processor_count": 1,
        "ansible_processor_nproc": 1,
        "ansible_processor_threads_per_core": 1,
        "ansible_processor_vcpus": 1,
        "ansible_product_name": "Standard PC (i440FX + PIIX, 1996)",
        "ansible_product_serial": "NA",
        "ansible_product_uuid": "ff484160-56ad-486f-a480-c1649729b359",
        "ansible_product_version": "pc-i440fx-10.1",
        "ansible_python": {
            "executable": "/usr/bin/python3.12",
            "has_sslcontext": true,
            "type": "cpython",
            "version": {
                "major": 3,
                "micro": 3,
                "minor": 12,
                "releaselevel": "final",
                "serial": 0
            },
            "version_info": [
                3,
                12,
                3,
                "final",
                0
            ]
        },
        "ansible_python_version": "3.12.3",
        "ansible_real_group_id": 0,
        "ansible_real_user_id": 0,
        "ansible_selinux": {
            "status": "disabled"
        },
        "ansible_selinux_python_present": true,
        "ansible_service_mgr": "systemd",
        "ansible_ssh_host_key_ecdsa_public": "AAAAE2VjZHNhLXNoYTItbmlzdHAyNTYAAAAIbmlzdHAyNTYAAABBBGGox6AnH6XdTpp5V8C87hriLt84hZhTd2+mTX0iTGlMH1xqTZ8isGRkdZwBLisoiY7nIU6LA/Qu6hNX1IrIKjA=",
        "ansible_ssh_host_key_ecdsa_public_keytype": "ecdsa-sha2-nistp256",
        "ansible_ssh_host_key_ed25519_public": "AAAAC3NzaC1lZDI1NTE5AAAAIJrU3l5Jfu9mdqCU2e9lYAbetWspzoGJnjBV1thsa+l3",
        "ansible_ssh_host_key_ed25519_public_keytype": "ssh-ed25519",
        "ansible_ssh_host_key_rsa_public": "AAAAB3NzaC1yc2EAAAADAQABAAABgQDBvQb0eNRLNroI9Q/xh7AgKnbU0p3+1/a98Yt5d9ombYA38OJwTa2CoEyemc/meknqLTuwWyYOKhMa7eq9l8r6NOQUkF9cWl17bD4H4Gl1knbRP8BvI35VL0NACdIRdKKJXYTTfenbSSTcPqG9kqK7QqC4Wzgk0uLqpT6gMX3RiZTd1KLEL7apTffVLIk7z7kn4Ci0OQ8pnGUCMo2oYTa1SoxnJrfXyZTbENZsXQs1b/bGq7RHOvmW6HT2jh2bTTjKprWSHXmB7hnLtDmB+SXtUmJ8fnZWYaN+M1KlR3dTPZ96V39r4ahqM0gWRw5EOOjcIFe+G3Z25K8aw0CxN0WHTW+q1EWNBrJqvtbe0q0Qf3S5rmmhGL/V8Bgb46Qz0jfxPoZT2iI96WnqVn3D4qcoirJflfOHDJArRn8Yefl+7lt9nsfHP0KsAQN9gafGjIcmLgit2dJnA3ul36KRJEwDUk53sr/ybuCTFoMrx8Y0EO9QH+vsD6+IDT1Mmc+uo78=",
        "ansible_ssh_host_key_rsa_public_keytype": "ssh-rsa",
        "ansible_swapfree_mb": 1899,
        "ansible_swaptotal_mb": 1899,
        "ansible_system": "Linux",
        "ansible_system_capabilities": [],
        "ansible_system_capabilities_enforced": "False",
        "ansible_system_vendor": "QEMU",
        "ansible_systemd": {
            "features": "+PAM +AUDIT +SELINUX +APPARMOR +IMA +SMACK +SECCOMP +GCRYPT -GNUTLS +OPENSSL +ACL +BLKID +CURL +ELFUTILS +FIDO2 +IDN2 -IDN +IPTC +KMOD +LIBCRYPTSETUP +LIBFDISK +PCRE2 -PWQUALITY +P11KIT +QRENCODE +TPM2 +BZIP2 +LZ4 +XZ +ZLIB +ZSTD -BPF_FRAMEWORK -XKBCOMMON +UTMP +SYSVINIT default-hierarchy=unified",
            "version": 255
        },
        "ansible_uptime_seconds": 1949,
        "ansible_user_dir": "/root",
        "ansible_user_gecos": "root",
        "ansible_user_gid": 0,
        "ansible_user_id": "root",
        "ansible_user_shell": "/bin/bash",
        "ansible_user_uid": 0,
        "ansible_userspace_architecture": "x86_64",
        "ansible_userspace_bits": "64",
        "ansible_virtualization_role": "guest",
        "ansible_virtualization_tech_guest": [
            "kvm"
        ],
        "ansible_virtualization_tech_host": [],
        "ansible_virtualization_type": "kvm",
        "gather_subset": [
            "all"
        ],
        "module_setup": true
    },
    "changed": false
}
2026-03-23 14:58:25,975 p=3972 u=boborg n=ansible INFO| lf-app1 | SUCCESS => {
    "ansible_facts": {
        "ansible_distribution_version": "24.04"
    },
    "changed": false
}
2026-03-23 14:59:57,056 p=4236 u=boborg n=ansible INFO| lf-app1 | CHANGED | rc=0 >>
lf-stage

2026-03-23 15:03:22,239 p=4840 u=boborg n=ansible WARNING| [WARNING]: Unable to parse /home/boborg/inventory/stage.ini as an inventory source

2026-03-23 15:03:22,240 p=4840 u=boborg n=ansible WARNING| [WARNING]: No inventory was parsed, only implicit localhost is available

2026-03-23 15:03:22,242 p=4840 u=boborg n=ansible WARNING| [WARNING]: provided hosts list is empty, only localhost is available. Note that the implicit localhost does not match 'all'

2026-03-23 15:03:22,243 p=4840 u=boborg n=ansible WARNING| [WARNING]: Could not match supplied host pattern, ignoring: web

2026-03-23 15:03:44,558 p=4910 u=boborg n=ansible WARNING| [WARNING]: Unable to parse /home/boborg/inventory/stage.ini as an inventory source

2026-03-23 15:03:44,558 p=4910 u=boborg n=ansible WARNING| [WARNING]: No inventory was parsed, only implicit localhost is available

2026-03-23 15:03:44,561 p=4910 u=boborg n=ansible WARNING| [WARNING]: provided hosts list is empty, only localhost is available. Note that the implicit localhost does not match 'all'

2026-03-23 15:03:44,561 p=4910 u=boborg n=ansible WARNING| [WARNING]: Could not match supplied host pattern, ignoring: web

2026-03-23 15:04:52,110 p=5128 u=boborg n=ansible WARNING| [WARNING]: Unable to parse /home/boborg/inventory/stage.ini as an inventory source

2026-03-23 15:04:52,110 p=5128 u=boborg n=ansible WARNING| [WARNING]: No inventory was parsed, only implicit localhost is available

2026-03-23 15:04:52,113 p=5128 u=boborg n=ansible WARNING| [WARNING]: provided hosts list is empty, only localhost is available. Note that the implicit localhost does not match 'all'

2026-03-23 15:04:52,113 p=5128 u=boborg n=ansible WARNING| [WARNING]: Could not match supplied host pattern, ignoring: web

2026-03-23 15:10:30,569 p=1446 u=boborg n=ansible WARNING| [WARNING]: Host 'lf-app1' is using the discovered Python interpreter at '/usr/bin/python3.12', but future installation of another Python interpreter could cause a different interpreter to be discovered. See https://docs.ansible.com/ansible-core/2.20/reference_appendices/interpreter_discovery.html for more information.

2026-03-23 15:10:30,570 p=1446 u=boborg n=ansible INFO| lf-app1 | CHANGED | rc=0 >>
lf-stage

2026-03-23 15:12:19,730 p=1779 u=boborg n=ansible INFO| lf-app1 | CHANGED => {
    "changed": true,
    "checksum": "da39a3ee5e6b4b0d3255bfef95601890afd80709",
    "dest": "/tmp/barmaley.txt",
    "gid": 0,
    "group": "root",
    "md5sum": "d41d8cd98f00b204e9800998ecf8427e",
    "mode": "0644",
    "owner": "root",
    "size": 0,
    "src": "/root/.ansible/tmp/ansible-tmp-1774267939.0386677-1783-157325903104012/.source.txt",
    "state": "file",
    "uid": 0
}
2026-03-23 15:12:54,217 p=1898 u=boborg n=ansible INFO| lf-app1 | SUCCESS => {
    "changed": false,
    "checksum": "da39a3ee5e6b4b0d3255bfef95601890afd80709",
    "dest": "/tmp/barmaley.txt",
    "gid": 0,
    "group": "root",
    "mode": "0644",
    "owner": "root",
    "path": "/tmp/barmaley.txt",
    "size": 0,
    "state": "file",
    "uid": 0
}
2026-03-23 15:13:35,976 p=2029 u=boborg n=ansible INFO| lf-app1 | CHANGED | rc=0 >>


2026-03-23 15:14:18,071 p=2161 u=boborg n=ansible INFO| lf-app1 | CHANGED => {
    "changed": true,
    "checksum": "dba1ba9a14b5e195655386757335633ff1362d4b",
    "dest": "/tmp/barmaley.txt",
    "gid": 0,
    "group": "root",
    "md5sum": "6e50a9976d84c52e1828125174da0aef",
    "mode": "0644",
    "owner": "root",
    "size": 9,
    "src": "/root/.ansible/tmp/ansible-tmp-1774268057.4038162-2165-78332701315954/.source.txt",
    "state": "file",
    "uid": 0
}
2026-03-23 15:14:21,166 p=2181 u=boborg n=ansible INFO| lf-app1 | SUCCESS => {
    "changed": false,
    "checksum": "dba1ba9a14b5e195655386757335633ff1362d4b",
    "dest": "/tmp/barmaley.txt",
    "gid": 0,
    "group": "root",
    "mode": "0644",
    "owner": "root",
    "path": "/tmp/barmaley.txt",
    "size": 9,
    "state": "file",
    "uid": 0
}
2026-03-23 15:14:31,598 p=2222 u=boborg n=ansible INFO| lf-app1 | CHANGED | rc=0 >>
habahaba

2026-03-23 15:19:32,696 p=3106 u=boborg n=ansible INFO| ansible [core 2.20.3]
  config file = /home/boborg/Linuxfactory/infra/ansible.cfg
  configured module search path = ['/home/boborg/Linuxfactory/infra/library']
  ansible python module location = /usr/lib/python3/dist-packages/ansible
  ansible collection location = /home/boborg/.ansible/collections:/usr/share/ansible/collections
  executable location = /usr/bin/ansible
  python version = 3.12.3 (main, Mar  3 2026, 12:15:18) [GCC 13.3.0] (/usr/bin/python3)
  jinja version = 3.1.2
  pyyaml version = 6.0.1 (with libyaml v0.2.5)
2026-03-23 15:19:32,696 p=3106 u=boborg n=ansible INFO| Using /home/boborg/Linuxfactory/infra/ansible.cfg as config file
2026-03-23 15:19:32,752 p=3106 u=boborg n=ansible INFO| host_list declined parsing /home/boborg/Linuxfactory/infra/inventory/stage.ini as it did not pass its verify_file() method
2026-03-23 15:19:32,752 p=3106 u=boborg n=ansible INFO| script declined parsing /home/boborg/Linuxfactory/infra/inventory/stage.ini as it did not pass its verify_file() method
2026-03-23 15:19:32,752 p=3106 u=boborg n=ansible INFO| auto declined parsing /home/boborg/Linuxfactory/infra/inventory/stage.ini as it did not pass its verify_file() method
2026-03-23 15:19:32,752 p=3106 u=boborg n=ansible INFO| yaml declined parsing /home/boborg/Linuxfactory/infra/inventory/stage.ini as it did not pass its verify_file() method
2026-03-23 15:19:32,753 p=3106 u=boborg n=ansible INFO| Parsed /home/boborg/Linuxfactory/infra/inventory/stage.ini inventory source with ini plugin
2026-03-23 15:19:32,766 p=3106 u=boborg n=ansible INFO| Skipping callback 'default', as we already have a stdout callback.
2026-03-23 15:19:32,766 p=3106 u=boborg n=ansible INFO| Skipping callback 'oneline', as we already have a stdout callback.
2026-03-23 15:19:32,894 p=3106 u=boborg n=ansible INFO| Using module file /usr/lib/python3/dist-packages/ansible/modules/command.py
2026-03-23 15:19:32,894 p=3106 u=boborg n=ansible INFO| Pipelining is enabled.
2026-03-23 15:19:32,895 p=3106 u=boborg n=ansible INFO| <192.168.13.105> ESTABLISH SSH CONNECTION FOR USER: root
2026-03-23 15:19:32,895 p=3106 u=boborg n=ansible INFO| <192.168.13.105> SSH: EXEC ssh -C -o ControlMaster=auto -o ControlPersist=60s -o StrictHostKeyChecking=no -o 'IdentityFile="/home/boborg/.ssh/id_ed25519"' -o KbdInteractiveAuthentication=no -o PreferredAuthentications=gssapi-with-mic,gssapi-keyex,hostbased,publickey -o PasswordAuthentication=no -o 'User="root"' -o ConnectTimeout=10 -o 'ControlPath="/home/boborg/.ansible/cp/c5ed718a99"' -o NumberOfPasswordPrompts=1 192.168.13.105 '/bin/sh -c '"'"'/usr/bin/python3.12 && sleep 0'"'"''
2026-03-23 15:19:33,564 p=3106 u=boborg n=ansible INFO| <192.168.13.105> (0, b'\n{"changed": true, "stdout": "habahaba", "stderr": "", "rc": 0, "cmd": "cat /tmp/barmaley.txt", "start": "2026-03-23 12:19:33.794529", "end": "2026-03-23 12:19:33.796735", "delta": "0:00:00.002206", "msg": "", "invocation": {"module_args": {"_raw_params": "cat /tmp/barmaley.txt", "_uses_shell": true, "expand_argument_vars": true, "stdin_add_newline": true, "strip_empty_ends": true, "cmd": null, "argv": null, "chdir": null, "executable": null, "creates": null, "removes": null, "stdin": null}}}\n', b'')
2026-03-23 15:19:33,566 p=3106 u=boborg n=ansible INFO| lf-app1 | CHANGED | rc=0 >>
habahaba

2026-03-23 15:19:40,343 p=3139 u=boborg n=ansible INFO| ansible [core 2.20.3]
  config file = /home/boborg/Linuxfactory/infra/ansible.cfg
  configured module search path = ['/home/boborg/Linuxfactory/infra/library']
  ansible python module location = /usr/lib/python3/dist-packages/ansible
  ansible collection location = /home/boborg/.ansible/collections:/usr/share/ansible/collections
  executable location = /usr/bin/ansible
  python version = 3.12.3 (main, Mar  3 2026, 12:15:18) [GCC 13.3.0] (/usr/bin/python3)
  jinja version = 3.1.2
  pyyaml version = 6.0.1 (with libyaml v0.2.5)
2026-03-23 15:19:40,343 p=3139 u=boborg n=ansible INFO| Using /home/boborg/Linuxfactory/infra/ansible.cfg as config file
2026-03-23 15:19:40,343 p=3139 u=boborg n=ansible INFO| setting up inventory plugins
2026-03-23 15:19:40,395 p=3139 u=boborg n=ansible INFO| Loading collection ansible.builtin from 
2026-03-23 15:19:40,400 p=3139 u=boborg n=ansible INFO| host_list declined parsing /home/boborg/Linuxfactory/infra/inventory/stage.ini as it did not pass its verify_file() method
2026-03-23 15:19:40,401 p=3139 u=boborg n=ansible INFO| script declined parsing /home/boborg/Linuxfactory/infra/inventory/stage.ini as it did not pass its verify_file() method
2026-03-23 15:19:40,401 p=3139 u=boborg n=ansible INFO| auto declined parsing /home/boborg/Linuxfactory/infra/inventory/stage.ini as it did not pass its verify_file() method
2026-03-23 15:19:40,401 p=3139 u=boborg n=ansible INFO| yaml declined parsing /home/boborg/Linuxfactory/infra/inventory/stage.ini as it did not pass its verify_file() method
2026-03-23 15:19:40,401 p=3139 u=boborg n=ansible INFO| Parsed /home/boborg/Linuxfactory/infra/inventory/stage.ini inventory source with ini plugin
2026-03-23 15:19:40,407 p=3139 u=boborg n=ansible INFO| Loading callback plugin minimal of type stdout, v2.0 from /usr/lib/python3/dist-packages/ansible/plugins/callback/minimal.py
2026-03-23 15:19:40,415 p=3139 u=boborg n=ansible INFO| Skipping callback 'default', as we already have a stdout callback.
2026-03-23 15:19:40,415 p=3139 u=boborg n=ansible INFO| Skipping callback 'oneline', as we already have a stdout callback.
2026-03-23 15:19:40,544 p=3139 u=boborg n=ansible INFO| Using module file /usr/lib/python3/dist-packages/ansible/modules/command.py
2026-03-23 15:19:40,545 p=3139 u=boborg n=ansible INFO| Pipelining is enabled.
2026-03-23 15:19:40,545 p=3139 u=boborg n=ansible INFO| <192.168.13.105> ESTABLISH SSH CONNECTION FOR USER: root
2026-03-23 15:19:40,545 p=3139 u=boborg n=ansible INFO| <192.168.13.105> SSH: EXEC ssh -C -o ControlMaster=auto -o ControlPersist=60s -o StrictHostKeyChecking=no -o 'IdentityFile="/home/boborg/.ssh/id_ed25519"' -o KbdInteractiveAuthentication=no -o PreferredAuthentications=gssapi-with-mic,gssapi-keyex,hostbased,publickey -o PasswordAuthentication=no -o 'User="root"' -o ConnectTimeout=10 -o 'ControlPath="/home/boborg/.ansible/cp/c5ed718a99"' -o NumberOfPasswordPrompts=1 192.168.13.105 '/bin/sh -c '"'"'/usr/bin/python3.12 && sleep 0'"'"''
2026-03-23 15:19:40,715 p=3139 u=boborg n=ansible INFO| <192.168.13.105> (0, b'\n{"changed": true, "stdout": "habahaba", "stderr": "", "rc": 0, "cmd": "cat /tmp/barmaley.txt", "start": "2026-03-23 12:19:41.112748", "end": "2026-03-23 12:19:41.115366", "delta": "0:00:00.002618", "msg": "", "invocation": {"module_args": {"_raw_params": "cat /tmp/barmaley.txt", "_uses_shell": true, "expand_argument_vars": true, "stdin_add_newline": true, "strip_empty_ends": true, "cmd": null, "argv": null, "chdir": null, "executable": null, "creates": null, "removes": null, "stdin": null}}}\n', b'')
2026-03-23 15:19:40,718 p=3139 u=boborg n=ansible INFO| lf-app1 | CHANGED | rc=0 >>
habahaba

2026-03-23 15:19:47,188 p=3163 u=boborg n=ansible INFO| ansible [core 2.20.3]
  config file = /home/boborg/Linuxfactory/infra/ansible.cfg
  configured module search path = ['/home/boborg/Linuxfactory/infra/library']
  ansible python module location = /usr/lib/python3/dist-packages/ansible
  ansible collection location = /home/boborg/.ansible/collections:/usr/share/ansible/collections
  executable location = /usr/bin/ansible
  python version = 3.12.3 (main, Mar  3 2026, 12:15:18) [GCC 13.3.0] (/usr/bin/python3)
  jinja version = 3.1.2
  pyyaml version = 6.0.1 (with libyaml v0.2.5)
2026-03-23 15:19:47,188 p=3163 u=boborg n=ansible INFO| Using /home/boborg/Linuxfactory/infra/ansible.cfg as config file
2026-03-23 15:19:47,188 p=3163 u=boborg n=ansible INFO| setting up inventory plugins
2026-03-23 15:19:47,240 p=3163 u=boborg n=ansible INFO| Loading collection ansible.builtin from 
2026-03-23 15:19:47,246 p=3163 u=boborg n=ansible INFO| host_list declined parsing /home/boborg/Linuxfactory/infra/inventory/stage.ini as it did not pass its verify_file() method
2026-03-23 15:19:47,246 p=3163 u=boborg n=ansible INFO| script declined parsing /home/boborg/Linuxfactory/infra/inventory/stage.ini as it did not pass its verify_file() method
2026-03-23 15:19:47,246 p=3163 u=boborg n=ansible INFO| auto declined parsing /home/boborg/Linuxfactory/infra/inventory/stage.ini as it did not pass its verify_file() method
2026-03-23 15:19:47,246 p=3163 u=boborg n=ansible INFO| yaml declined parsing /home/boborg/Linuxfactory/infra/inventory/stage.ini as it did not pass its verify_file() method
2026-03-23 15:19:47,247 p=3163 u=boborg n=ansible INFO| Parsed /home/boborg/Linuxfactory/infra/inventory/stage.ini inventory source with ini plugin
2026-03-23 15:19:47,252 p=3163 u=boborg n=ansible INFO| Loading callback plugin minimal of type stdout, v2.0 from /usr/lib/python3/dist-packages/ansible/plugins/callback/minimal.py
2026-03-23 15:19:47,260 p=3163 u=boborg n=ansible INFO| Attempting to use 'default' callback.
2026-03-23 15:19:47,260 p=3163 u=boborg n=ansible INFO| Skipping callback 'default', as we already have a stdout callback.
2026-03-23 15:19:47,260 p=3163 u=boborg n=ansible INFO| Attempting to use 'junit' callback.
2026-03-23 15:19:47,260 p=3163 u=boborg n=ansible INFO| Attempting to use 'oneline' callback.
2026-03-23 15:19:47,260 p=3163 u=boborg n=ansible INFO| Skipping callback 'oneline', as we already have a stdout callback.
2026-03-23 15:19:47,260 p=3163 u=boborg n=ansible INFO| Attempting to use 'tree' callback.
2026-03-23 15:19:47,381 p=3163 u=boborg n=ansible INFO| Including module_utils file ansible/__init__.py
2026-03-23 15:19:47,381 p=3163 u=boborg n=ansible INFO| Including module_utils file ansible/module_utils/__init__.py
2026-03-23 15:19:47,381 p=3163 u=boborg n=ansible INFO| Including module_utils file ansible/module_utils/_internal/_ansiballz/_loader.py
2026-03-23 15:19:47,381 p=3163 u=boborg n=ansible INFO| Including module_utils file ansible/module_utils/_internal/__init__.py
2026-03-23 15:19:47,381 p=3163 u=boborg n=ansible INFO| Including module_utils file ansible/module_utils/_internal/_ansiballz/__init__.py
2026-03-23 15:19:47,382 p=3163 u=boborg n=ansible INFO| Including module_utils file ansible/module_utils/_internal/_errors.py
2026-03-23 15:19:47,382 p=3163 u=boborg n=ansible INFO| Including module_utils file ansible/module_utils/_internal/_json/_profiles/_module_legacy_c2m.py
2026-03-23 15:19:47,382 p=3163 u=boborg n=ansible INFO| Including module_utils file ansible/module_utils/_internal/_json/__init__.py
2026-03-23 15:19:47,382 p=3163 u=boborg n=ansible INFO| Including module_utils file ansible/module_utils/_internal/_json/_profiles/__init__.py
2026-03-23 15:19:47,382 p=3163 u=boborg n=ansible INFO| Including module_utils file ansible/module_utils/_internal/_datatag/__init__.py
2026-03-23 15:19:47,382 p=3163 u=boborg n=ansible INFO| Including module_utils file ansible/module_utils/_internal/_dataclass_validation.py
2026-03-23 15:19:47,382 p=3163 u=boborg n=ansible INFO| Including module_utils file ansible/module_utils/_internal/_datatag/_tags.py
2026-03-23 15:19:47,382 p=3163 u=boborg n=ansible INFO| Including module_utils file ansible/module_utils/_internal/_json/_profiles/_module_legacy_m2c.py
2026-03-23 15:19:47,382 p=3163 u=boborg n=ansible INFO| Including module_utils file ansible/module_utils/_internal/_messages.py
2026-03-23 15:19:47,382 p=3163 u=boborg n=ansible INFO| Including module_utils file ansible/module_utils/_internal/_patches/_socket_patch.py
2026-03-23 15:19:47,383 p=3163 u=boborg n=ansible INFO| Including module_utils file ansible/module_utils/_internal/_patches/__init__.py
2026-03-23 15:19:47,383 p=3163 u=boborg n=ansible INFO| Including module_utils file ansible/module_utils/_internal/_patches/_sys_intern_patch.py
2026-03-23 15:19:47,383 p=3163 u=boborg n=ansible INFO| Including module_utils file ansible/module_utils/_internal/_traceback.py
2026-03-23 15:19:47,383 p=3163 u=boborg n=ansible INFO| Including module_utils file ansible/module_utils/_internal/_stack.py
2026-03-23 15:19:47,384 p=3163 u=boborg n=ansible INFO| Including module_utils file ansible/module_utils/basic.py
2026-03-23 15:19:47,385 p=3163 u=boborg n=ansible INFO| Including module_utils file ansible/module_utils/_internal/_debugging.py
2026-03-23 15:19:47,385 p=3163 u=boborg n=ansible INFO| Including module_utils file ansible/module_utils/_internal/_deprecator.py
2026-03-23 15:19:47,385 p=3163 u=boborg n=ansible INFO| Including module_utils file ansible/module_utils/_internal/_plugin_info.py
2026-03-23 15:19:47,385 p=3163 u=boborg n=ansible INFO| Including module_utils file ansible/module_utils/_internal/_validation.py
2026-03-23 15:19:47,385 p=3163 u=boborg n=ansible INFO| Including module_utils file ansible/module_utils/common/_utils.py
2026-03-23 15:19:47,385 p=3163 u=boborg n=ansible INFO| Including module_utils file ansible/module_utils/common/__init__.py
2026-03-23 15:19:47,385 p=3163 u=boborg n=ansible INFO| Including module_utils file ansible/module_utils/common/arg_spec.py
2026-03-23 15:19:47,385 p=3163 u=boborg n=ansible INFO| Including module_utils file ansible/module_utils/common/collections.py
2026-03-23 15:19:47,385 p=3163 u=boborg n=ansible INFO| Including module_utils file ansible/module_utils/_internal/_no_six.py
2026-03-23 15:19:47,385 p=3163 u=boborg n=ansible INFO| Including module_utils file ansible/module_utils/common/file.py
2026-03-23 15:19:47,386 p=3163 u=boborg n=ansible INFO| Including module_utils file ansible/module_utils/common/json.py
2026-03-23 15:19:47,386 p=3163 u=boborg n=ansible INFO| Including module_utils file ansible/module_utils/_internal/_json/_legacy_encoder.py
2026-03-23 15:19:47,386 p=3163 u=boborg n=ansible INFO| Including module_utils file ansible/module_utils/_internal/_json/_profiles/_tagless.py
2026-03-23 15:19:47,386 p=3163 u=boborg n=ansible INFO| Including module_utils file ansible/module_utils/common/locale.py
2026-03-23 15:19:47,386 p=3163 u=boborg n=ansible INFO| Including module_utils file ansible/module_utils/common/parameters.py
2026-03-23 15:19:47,386 p=3163 u=boborg n=ansible INFO| Including module_utils file ansible/module_utils/common/process.py
2026-03-23 15:19:47,386 p=3163 u=boborg n=ansible INFO| Including module_utils file ansible/module_utils/common/sys_info.py
2026-03-23 15:19:47,387 p=3163 u=boborg n=ansible INFO| Including module_utils file ansible/module_utils/common/text/converters.py
2026-03-23 15:19:47,387 p=3163 u=boborg n=ansible INFO| Including module_utils file ansible/module_utils/common/text/__init__.py
2026-03-23 15:19:47,387 p=3163 u=boborg n=ansible INFO| Including module_utils file ansible/module_utils/common/text/formatters.py
2026-03-23 15:19:47,387 p=3163 u=boborg n=ansible INFO| Including module_utils file ansible/module_utils/common/validation.py
2026-03-23 15:19:47,387 p=3163 u=boborg n=ansible INFO| Including module_utils file ansible/module_utils/common/warnings.py
2026-03-23 15:19:47,387 p=3163 u=boborg n=ansible INFO| Including module_utils file ansible/module_utils/_internal/_event_utils.py
2026-03-23 15:19:47,387 p=3163 u=boborg n=ansible INFO| Including module_utils file ansible/module_utils/_internal/_text_utils.py
2026-03-23 15:19:47,387 p=3163 u=boborg n=ansible INFO| Including module_utils file ansible/module_utils/compat/selinux.py
2026-03-23 15:19:47,388 p=3163 u=boborg n=ansible INFO| Including module_utils file ansible/module_utils/compat/__init__.py
2026-03-23 15:19:47,388 p=3163 u=boborg n=ansible INFO| Including module_utils file ansible/module_utils/compat/typing.py
2026-03-23 15:19:47,388 p=3163 u=boborg n=ansible INFO| Including module_utils file ansible/module_utils/_internal/_patches/_dataclass_annotation_patch.py
2026-03-23 15:19:47,388 p=3163 u=boborg n=ansible INFO| Including module_utils file ansible/module_utils/datatag.py
2026-03-23 15:19:47,388 p=3163 u=boborg n=ansible INFO| Including module_utils file ansible/module_utils/distro/__init__.py
2026-03-23 15:19:47,389 p=3163 u=boborg n=ansible INFO| Including module_utils file ansible/module_utils/distro/_distro.py
2026-03-23 15:19:47,389 p=3163 u=boborg n=ansible INFO| Including module_utils file ansible/module_utils/errors.py
2026-03-23 15:19:47,389 p=3163 u=boborg n=ansible INFO| Including module_utils file ansible/module_utils/parsing/convert_bool.py
2026-03-23 15:19:47,389 p=3163 u=boborg n=ansible INFO| Including module_utils file ansible/module_utils/parsing/__init__.py
2026-03-23 15:19:47,391 p=3163 u=boborg n=ansible INFO| Using module file /usr/lib/python3/dist-packages/ansible/modules/command.py
2026-03-23 15:19:47,391 p=3163 u=boborg n=ansible INFO| Pipelining is enabled.
2026-03-23 15:19:47,391 p=3163 u=boborg n=ansible INFO| <192.168.13.105> ESTABLISH SSH CONNECTION FOR USER: root
2026-03-23 15:19:47,391 p=3163 u=boborg n=ansible INFO| <192.168.13.105> SSH: ansible.cfg set ssh_args: (-C)(-o)(ControlMaster=auto)(-o)(ControlPersist=60s)
2026-03-23 15:19:47,391 p=3163 u=boborg n=ansible INFO| <192.168.13.105> SSH: ANSIBLE_HOST_KEY_CHECKING/host_key_checking disabled: (-o)(StrictHostKeyChecking=no)
2026-03-23 15:19:47,391 p=3163 u=boborg n=ansible INFO| <192.168.13.105> SSH: ANSIBLE_PRIVATE_KEY_FILE/private_key_file/ansible_ssh_private_key_file set: (-o)(IdentityFile="/home/boborg/.ssh/id_ed25519")
2026-03-23 15:19:47,392 p=3163 u=boborg n=ansible INFO| <192.168.13.105> SSH: ansible_password/ansible_ssh_password not set: (-o)(KbdInteractiveAuthentication=no)(-o)(PreferredAuthentications=gssapi-with-mic,gssapi-keyex,hostbased,publickey)(-o)(PasswordAuthentication=no)
2026-03-23 15:19:47,392 p=3163 u=boborg n=ansible INFO| <192.168.13.105> SSH: ANSIBLE_REMOTE_USER/remote_user/ansible_user/user/-u set: (-o)(User="root")
2026-03-23 15:19:47,392 p=3163 u=boborg n=ansible INFO| <192.168.13.105> SSH: ANSIBLE_TIMEOUT/timeout set: (-o)(ConnectTimeout=10)
2026-03-23 15:19:47,392 p=3163 u=boborg n=ansible INFO| <192.168.13.105> SSH: Set ssh_common_args: ()
2026-03-23 15:19:47,392 p=3163 u=boborg n=ansible INFO| <192.168.13.105> SSH: Set ssh_extra_args: ()
2026-03-23 15:19:47,392 p=3163 u=boborg n=ansible INFO| <192.168.13.105> SSH: found only ControlPersist; added ControlPath: (-o)(ControlPath="/home/boborg/.ansible/cp/c5ed718a99")
2026-03-23 15:19:47,392 p=3163 u=boborg n=ansible INFO| <192.168.13.105> SSH: Restrict number of password prompts in case incorrect password is provided.: (-o)(NumberOfPasswordPrompts=1)
2026-03-23 15:19:47,392 p=3163 u=boborg n=ansible INFO| <192.168.13.105> SSH: EXEC ssh -C -o ControlMaster=auto -o ControlPersist=60s -o StrictHostKeyChecking=no -o 'IdentityFile="/home/boborg/.ssh/id_ed25519"' -o KbdInteractiveAuthentication=no -o PreferredAuthentications=gssapi-with-mic,gssapi-keyex,hostbased,publickey -o PasswordAuthentication=no -o 'User="root"' -o ConnectTimeout=10 -o 'ControlPath="/home/boborg/.ansible/cp/c5ed718a99"' -o NumberOfPasswordPrompts=1 192.168.13.105 '/bin/sh -c '"'"'/usr/bin/python3.12 && sleep 0'"'"''
2026-03-23 15:19:47,560 p=3163 u=boborg n=ansible INFO| <192.168.13.105> (0, b'\n{"changed": true, "stdout": "habahaba", "stderr": "", "rc": 0, "cmd": "cat /tmp/barmaley.txt", "start": "2026-03-23 12:19:48.120864", "end": "2026-03-23 12:19:48.123375", "delta": "0:00:00.002511", "msg": "", "invocation": {"module_args": {"_raw_params": "cat /tmp/barmaley.txt", "_uses_shell": true, "expand_argument_vars": true, "stdin_add_newline": true, "strip_empty_ends": true, "cmd": null, "argv": null, "chdir": null, "executable": null, "creates": null, "removes": null, "stdin": null}}}\n', b'')
2026-03-23 15:19:47,561 p=3163 u=boborg n=ansible INFO| lf-app1 | CHANGED | rc=0 >>
habahaba

2026-03-23 15:20:08,291 p=3229 u=boborg n=ansible INFO| Using /home/boborg/Linuxfactory/infra/ansible.cfg as config file
2026-03-23 15:20:08,662 p=3229 u=boborg n=ansible INFO| lf-app1 | CHANGED | rc=0 >>
habahaba

2026-03-23 15:23:40,347 p=3862 u=boborg n=ansible INFO| lf-app1 | SUCCESS => {
    "changed": false,
    "ping": "pong"
}
2026-03-23 15:25:26,298 p=4177 u=boborg n=ansible INFO| Using /home/boborg/Linuxfactory/infra/ansible.cfg as config file
2026-03-23 15:25:27,164 p=4177 u=boborg n=ansible INFO| lf-app1 | SUCCESS => {
    "changed": false,
    "ping": "pong"
}
2026-03-23 15:30:40,335 p=5097 u=boborg n=ansible INFO| Using /home/boborg/Linuxfactory/infra/ansible.cfg as config file
2026-03-23 15:30:41,232 p=5097 u=boborg n=ansible WARNING| [WARNING]: Host 'lf-app2' is using the discovered Python interpreter at '/usr/bin/python3.12', but future installation of another Python interpreter could cause a different interpreter to be discovered. See https://docs.ansible.com/ansible-core/2.20/reference_appendices/interpreter_discovery.html for more information.

2026-03-23 15:30:41,233 p=5097 u=boborg n=ansible INFO| lf-app2 | SUCCESS => {
    "ansible_facts": {
        "discovered_interpreter_python": "/usr/bin/python3.12"
    },
    "changed": false,
    "ping": "pong"
}
2026-03-23 15:30:41,234 p=5097 u=boborg n=ansible INFO| lf-app1 | SUCCESS => {
    "changed": false,
    "ping": "pong"
}
2026-03-23 15:30:53,770 p=5148 u=boborg n=ansible INFO| Using /home/boborg/Linuxfactory/infra/ansible.cfg as config file
2026-03-23 15:30:54,138 p=5148 u=boborg n=ansible INFO| lf-app2 | SUCCESS => {
    "changed": false,
    "ping": "pong"
}
2026-03-23 15:30:54,139 p=5148 u=boborg n=ansible INFO| lf-app1 | SUCCESS => {
    "changed": false,
    "ping": "pong"
}
2026-03-23 15:36:03,150 p=6056 u=boborg n=ansible WARNING| [WARNING]: Could not match supplied host pattern, ignoring: web

2026-03-23 15:36:03,151 p=6056 u=boborg n=ansible ERROR| [ERROR]: Specified inventory, host pattern and/or --limit leaves us with no hosts to target.

2026-03-23 15:36:14,037 p=6089 u=boborg n=ansible WARNING| [WARNING]: Could not match supplied host pattern, ignoring: web

2026-03-23 15:36:14,037 p=6089 u=boborg n=ansible WARNING| [WARNING]: Could not match supplied host pattern, ignoring: 192.168.13.105

2026-03-23 15:36:14,037 p=6089 u=boborg n=ansible ERROR| [ERROR]: Specified inventory, host pattern and/or --limit leaves us with no hosts to target.

2026-03-23 15:36:20,338 p=6110 u=boborg n=ansible WARNING| [WARNING]: Could not match supplied host pattern, ignoring: web

2026-03-23 15:36:20,338 p=6110 u=boborg n=ansible WARNING| [WARNING]: No hosts matched, nothing to do

2026-03-23 15:36:45,955 p=6187 u=boborg n=ansible WARNING| [WARNING]: Could not match supplied host pattern, ignoring: web

2026-03-23 15:36:45,955 p=6187 u=boborg n=ansible WARNING| [WARNING]: No hosts matched, nothing to do

2026-03-23 15:37:26,798 p=6305 u=boborg n=ansible INFO| lf-app2 | SUCCESS => {
    "changed": false,
    "ping": "pong"
}
2026-03-23 15:38:04,178 p=6423 u=boborg n=ansible INFO| lf-app2 | SUCCESS => {
    "changed": false,
    "ping": "pong"
}
2026-03-23 15:38:04,713 p=6423 u=boborg n=ansible INFO| lf-app1 | SUCCESS => {
    "changed": false,
    "ping": "pong"
}
2026-03-23 15:38:13,691 p=6464 u=boborg n=ansible WARNING| [WARNING]: Could not match supplied host pattern, ignoring: 192.168.13.105

2026-03-23 15:38:13,691 p=6464 u=boborg n=ansible ERROR| [ERROR]: Specified inventory, host pattern and/or --limit leaves us with no hosts to target.

2026-03-23 15:38:27,077 p=6503 u=boborg n=ansible INFO| lf-app2 | SUCCESS => {
    "changed": false,
    "ping": "pong"
}
2026-03-23 15:38:27,077 p=6503 u=boborg n=ansible INFO| lf-app1 | SUCCESS => {
    "changed": false,
    "ping": "pong"
}
2026-03-23 15:38:32,245 p=6529 u=boborg n=ansible INFO| Using /home/boborg/Linuxfactory/infra/ansible.cfg as config file
2026-03-23 15:38:32,635 p=6529 u=boborg n=ansible INFO| lf-app2 | SUCCESS => {
    "changed": false,
    "ping": "pong"
}
2026-03-23 15:38:32,636 p=6529 u=boborg n=ansible INFO| lf-app1 | SUCCESS => {
    "changed": false,
    "ping": "pong"
}
2026-03-23 15:38:49,422 p=6613 u=boborg n=ansible WARNING| [WARNING]: Could not match supplied host pattern, ignoring: 192.168.13.105

2026-03-23 15:38:49,422 p=6613 u=boborg n=ansible ERROR| [ERROR]: Specified inventory, host pattern and/or --limit leaves us with no hosts to target.

2026-03-23 16:14:06,523 p=12805 u=boborg n=ansible INFO| PLAY [web] ************************************************************************************************************************
2026-03-23 16:14:06,528 p=12805 u=boborg n=ansible INFO| TASK [Gathering Facts] ************************************************************************************************************
2026-03-23 16:14:07,752 p=12805 u=boborg n=ansible INFO| ok: [lf-app1]
2026-03-23 16:14:07,754 p=12805 u=boborg n=ansible INFO| TASK [common : set timezone to Europe/Moscow] *************************************************************************************
2026-03-23 16:14:08,090 p=12805 u=boborg n=ansible INFO| changed: [lf-app1]
2026-03-23 16:14:08,093 p=12805 u=boborg n=ansible INFO| PLAY RECAP ************************************************************************************************************************
2026-03-23 16:14:08,093 p=12805 u=boborg n=ansible INFO| lf-app1                    : ok=2    changed=1    unreachable=0    failed=0    skipped=0    rescued=0    ignored=0   
2026-03-23 16:15:03,110 p=12988 u=boborg n=ansible INFO| PLAY [web] ************************************************************************************************************************
2026-03-23 16:15:03,115 p=12988 u=boborg n=ansible INFO| TASK [Gathering Facts] ************************************************************************************************************
2026-03-23 16:15:04,333 p=12988 u=boborg n=ansible INFO| ok: [lf-app1]
2026-03-23 16:15:04,336 p=12988 u=boborg n=ansible INFO| TASK [common : set timezone to Europe/Moscow] *************************************************************************************
2026-03-23 16:15:04,653 p=12988 u=boborg n=ansible INFO| changed: [lf-app1]
2026-03-23 16:15:04,656 p=12988 u=boborg n=ansible INFO| PLAY RECAP ************************************************************************************************************************
2026-03-23 16:15:04,657 p=12988 u=boborg n=ansible INFO| lf-app1                    : ok=2    changed=1    unreachable=0    failed=0    skipped=0    rescued=0    ignored=0   
2026-03-23 16:16:41,452 p=13282 u=boborg n=ansible INFO| PLAY [web] ************************************************************************************************************************
2026-03-23 16:16:41,457 p=13282 u=boborg n=ansible INFO| TASK [Gathering Facts] ************************************************************************************************************
2026-03-23 16:16:42,703 p=13282 u=boborg n=ansible INFO| ok: [lf-app2]
2026-03-23 16:16:42,706 p=13282 u=boborg n=ansible INFO| TASK [common : set timezone to Europe/Moscow] *************************************************************************************
2026-03-23 16:16:43,006 p=13282 u=boborg n=ansible INFO| ok: [lf-app2]
2026-03-23 16:16:43,009 p=13282 u=boborg n=ansible INFO| PLAY RECAP ************************************************************************************************************************
2026-03-23 16:16:43,009 p=13282 u=boborg n=ansible INFO| lf-app2                    : ok=2    changed=0    unreachable=0    failed=0    skipped=0    rescued=0    ignored=0   
2026-03-23 16:16:52,344 p=13324 u=boborg n=ansible INFO| PLAY [web] ************************************************************************************************************************
2026-03-23 16:16:52,350 p=13324 u=boborg n=ansible INFO| TASK [Gathering Facts] ************************************************************************************************************
2026-03-23 16:16:53,631 p=13324 u=boborg n=ansible INFO| ok: [lf-app1]
2026-03-23 16:16:53,633 p=13324 u=boborg n=ansible INFO| TASK [common : set timezone to Europe/Moscow] *************************************************************************************
2026-03-23 16:16:53,936 p=13324 u=boborg n=ansible INFO| ok: [lf-app1]
2026-03-23 16:16:53,940 p=13324 u=boborg n=ansible INFO| PLAY RECAP ************************************************************************************************************************
2026-03-23 16:16:53,940 p=13324 u=boborg n=ansible INFO| lf-app1                    : ok=2    changed=0    unreachable=0    failed=0    skipped=0    rescued=0    ignored=0   
2026-03-23 16:17:57,569 p=13525 u=boborg n=ansible WARNING| [WARNING]: Could not match supplied host pattern, ignoring: web

2026-03-23 16:17:57,570 p=13525 u=boborg n=ansible INFO| PLAY [web] ************************************************************************************************************************
2026-03-23 16:17:57,570 p=13525 u=boborg n=ansible INFO| skipping: no hosts matched
2026-03-23 16:17:57,570 p=13525 u=boborg n=ansible INFO| PLAY RECAP ************************************************************************************************************************
2026-03-23 16:18:44,888 p=13661 u=boborg n=ansible WARNING| [WARNING]: Could not match supplied host pattern, ignoring: web

2026-03-23 16:18:44,889 p=13661 u=boborg n=ansible INFO| PLAY [web] ************************************************************************************************************************
2026-03-23 16:18:44,889 p=13661 u=boborg n=ansible INFO| skipping: no hosts matched
2026-03-23 16:18:44,890 p=13661 u=boborg n=ansible INFO| PLAY [db] *************************************************************************************************************************
2026-03-23 16:18:44,896 p=13661 u=boborg n=ansible INFO| TASK [Gathering Facts] ************************************************************************************************************
2026-03-23 16:18:46,149 p=13661 u=boborg n=ansible INFO| ok: [lf-app1]
2026-03-23 16:18:46,152 p=13661 u=boborg n=ansible INFO| TASK [common : set timezone to Europe/Moscow] *************************************************************************************
2026-03-23 16:18:46,451 p=13661 u=boborg n=ansible INFO| ok: [lf-app1]
2026-03-23 16:18:46,455 p=13661 u=boborg n=ansible INFO| PLAY RECAP ************************************************************************************************************************
2026-03-23 16:18:46,455 p=13661 u=boborg n=ansible INFO| lf-app1                    : ok=2    changed=0    unreachable=0    failed=0    skipped=0    rescued=0    ignored=0   
2026-03-23 16:22:47,326 p=14376 u=boborg n=ansible WARNING| [WARNING]: Could not match supplied host pattern, ignoring: web

2026-03-23 16:22:47,327 p=14376 u=boborg n=ansible INFO| PLAY [web] ************************************************************************************************************************
2026-03-23 16:22:47,327 p=14376 u=boborg n=ansible INFO| skipping: no hosts matched
2026-03-23 16:22:47,328 p=14376 u=boborg n=ansible INFO| PLAY [db] *************************************************************************************************************************
2026-03-23 16:22:47,334 p=14376 u=boborg n=ansible INFO| TASK [Gathering Facts] ************************************************************************************************************
2026-03-23 16:22:48,602 p=14376 u=boborg n=ansible INFO| ok: [lf-app1]
2026-03-23 16:22:48,605 p=14376 u=boborg n=ansible INFO| TASK [common : set timezone to Europe/Moscow] *************************************************************************************
2026-03-23 16:22:48,911 p=14376 u=boborg n=ansible INFO| changed: [lf-app1]
2026-03-23 16:22:48,914 p=14376 u=boborg n=ansible INFO| PLAY RECAP ************************************************************************************************************************
2026-03-23 16:22:48,915 p=14376 u=boborg n=ansible INFO| lf-app1                    : ok=2    changed=1    unreachable=0    failed=0    skipped=0    rescued=0    ignored=0   
2026-03-23 16:41:23,623 p=17614 u=boborg n=ansible ERROR| [ERROR]: YAML parsing failed: Expected a single document in the stream but found another document.
Origin: /home/boborg/Linuxfactory/infra/roles/hostname/tasks/main.yml:4:1

2 ---
3 # tasks file for hostname
4 ---
  ^ column 1


2026-03-23 16:42:54,318 p=17906 u=boborg n=ansible INFO| PLAY [web] ************************************************************************************************************************
2026-03-23 16:42:54,325 p=17906 u=boborg n=ansible INFO| TASK [Gathering Facts] ************************************************************************************************************
2026-03-23 16:42:55,620 p=17906 u=boborg n=ansible INFO| ok: [lf-app2]
2026-03-23 16:42:55,622 p=17906 u=boborg n=ansible INFO| TASK [common : set timezone to Europe/Moscow] *************************************************************************************
2026-03-23 16:42:55,933 p=17906 u=boborg n=ansible INFO| changed: [lf-app2]
2026-03-23 16:42:55,938 p=17906 u=boborg n=ansible INFO| TASK [hostname : Set hostname on server] ******************************************************************************************
2026-03-23 16:42:57,656 p=17906 u=boborg n=ansible INFO| changed: [lf-app2]
2026-03-23 16:42:57,659 p=17906 u=boborg n=ansible WARNING| [WARNING]: Could not match supplied host pattern, ignoring: db

2026-03-23 16:42:57,660 p=17906 u=boborg n=ansible INFO| PLAY [db] *************************************************************************************************************************
2026-03-23 16:42:57,660 p=17906 u=boborg n=ansible INFO| skipping: no hosts matched
2026-03-23 16:42:57,660 p=17906 u=boborg n=ansible INFO| PLAY RECAP ************************************************************************************************************************
2026-03-23 16:42:57,660 p=17906 u=boborg n=ansible INFO| lf-app2                    : ok=3    changed=2    unreachable=0    failed=0    skipped=0    rescued=0    ignored=0   
2026-03-23 16:43:52,734 p=18082 u=boborg n=ansible WARNING| [WARNING]: Could not match supplied host pattern, ignoring: web

2026-03-23 16:43:52,734 p=18082 u=boborg n=ansible INFO| PLAY [web] ************************************************************************************************************************
2026-03-23 16:43:52,734 p=18082 u=boborg n=ansible INFO| skipping: no hosts matched
2026-03-23 16:43:52,735 p=18082 u=boborg n=ansible INFO| PLAY [db] *************************************************************************************************************************
2026-03-23 16:43:52,741 p=18082 u=boborg n=ansible INFO| TASK [Gathering Facts] ************************************************************************************************************
2026-03-23 16:43:53,788 p=18082 u=boborg n=ansible INFO| ok: [lf-app1]
2026-03-23 16:43:53,790 p=18082 u=boborg n=ansible INFO| TASK [common : set timezone to Europe/Moscow] *************************************************************************************
2026-03-23 16:43:54,094 p=18082 u=boborg n=ansible INFO| ok: [lf-app1]
2026-03-23 16:43:54,099 p=18082 u=boborg n=ansible INFO| TASK [hostname : Set hostname on server] ******************************************************************************************
2026-03-23 16:43:54,584 p=18082 u=boborg n=ansible INFO| changed: [lf-app1]
2026-03-23 16:43:54,587 p=18082 u=boborg n=ansible INFO| PLAY RECAP ************************************************************************************************************************
2026-03-23 16:43:54,587 p=18082 u=boborg n=ansible INFO| lf-app1                    : ok=3    changed=1    unreachable=0    failed=0    skipped=0    rescued=0    ignored=0   
2026-03-23 16:44:31,087 p=18215 u=boborg n=ansible WARNING| [WARNING]: provided hosts list is empty, only localhost is available. Note that the implicit localhost does not match 'all'

2026-03-23 16:46:38,666 p=18586 u=boborg n=ansible INFO| PLAY [web] ************************************************************************************************************************
2026-03-23 16:46:38,672 p=18586 u=boborg n=ansible INFO| TASK [Gathering Facts] ************************************************************************************************************
2026-03-23 16:46:39,935 p=18586 u=boborg n=ansible INFO| ok: [lf-app1]
2026-03-23 16:46:39,938 p=18586 u=boborg n=ansible INFO| TASK [common : set timezone to Europe/Moscow] *************************************************************************************
2026-03-23 16:46:40,235 p=18586 u=boborg n=ansible INFO| ok: [lf-app1]
2026-03-23 16:46:40,240 p=18586 u=boborg n=ansible INFO| TASK [hostname : Set hostname on server] ******************************************************************************************
2026-03-23 16:46:40,707 p=18586 u=boborg n=ansible INFO| ok: [lf-app1]
2026-03-23 16:46:40,711 p=18586 u=boborg n=ansible WARNING| [WARNING]: Could not match supplied host pattern, ignoring: db

2026-03-23 16:46:40,711 p=18586 u=boborg n=ansible INFO| PLAY [db] *************************************************************************************************************************
2026-03-23 16:46:40,711 p=18586 u=boborg n=ansible INFO| skipping: no hosts matched
2026-03-23 16:46:40,711 p=18586 u=boborg n=ansible INFO| PLAY RECAP ************************************************************************************************************************
2026-03-23 16:46:40,711 p=18586 u=boborg n=ansible INFO| lf-app1                    : ok=3    changed=0    unreachable=0    failed=0    skipped=0    rescued=0    ignored=0   
